build/app/intermediates/proguard-rules/release/aapt_rules.txt
# Referenced at processReleaseManifest/merged/AndroidManifest.xml:26
-keep class ca.khelico.meteo_app.MainActivity { <init>(...); }
# Referenced at processReleaseManifest/merged/AndroidManifest.xml:50
-keep class com.google.android.gms.common.api.GoogleApiActivity { <init>(...); }
# Referenced at processReleaseManifest/merged/AndroidManifest.xml:21
-keep class io.flutter.app.FlutterApplication { <init>(...); }