build/app/outputs/mapping/release/usage.txt
ca.khelico.meteo_app.BuildConfig
ca.khelico.meteo_app.R
ca.khelico.meteo_app.R$attr
ca.khelico.meteo_app.R$color
ca.khelico.meteo_app.R$dimen
ca.khelico.meteo_app.R$drawable
ca.khelico.meteo_app.R$id
ca.khelico.meteo_app.R$integer
ca.khelico.meteo_app.R$layout
ca.khelico.meteo_app.R$mipmap
ca.khelico.meteo_app.R$string
ca.khelico.meteo_app.R$style
ca.khelico.meteo_app.R$styleable
...
androidx.core.app.AppLaunchChecker
androidx.core.app.AppOpsManagerCompat
androidx.core.app.BundleCompat:
    94:94:private BundleCompat()
    121:126:public static void putBinder(android.os.Bundle,java.lang.String,android.os.IBinder)
androidx.core.app.BundleCompat$BundleCompatBaseImpl:
    private static final java.lang.String TAG
    private static java.lang.reflect.Method sPutIBinderMethod
    private static boolean sPutIBinderMethodFetched
    44:45:private BundleCompat$BundleCompatBaseImpl()
    71:91:public static void putBinder(android.os.Bundle,java.lang.String,android.os.IBinder)
androidx.core.app.CoreComponentFactory:
    private static final java.lang.String TAG
androidx.core.app.FrameMetricsAggregator
androidx.core.app.FrameMetricsAggregator$FrameMetricsApi24Impl
androidx.core.app.FrameMetricsAggregator$FrameMetricsApi24Impl$1
androidx.core.app.FrameMetricsAggregator$FrameMetricsBaseImpl
androidx.core.app.FrameMetricsAggregator$MetricType
androidx.core.app.JobIntentService
androidx.core.app.JobIntentService$CommandProcessor
androidx.core.app.JobIntentService$CompatJobEngine
androidx.core.app.JobIntentService$CompatWorkEnqueuer
androidx.core.app.JobIntentService$CompatWorkItem
androidx.core.app.JobIntentService$GenericWorkItem
androidx.core.app.JobIntentService$JobServiceEngineImpl
androidx.core.app.JobIntentService$JobServiceEngineImpl$WrapperWorkItem
androidx.core.app.JobIntentService$JobWorkEnqueuer
androidx.core.app.JobIntentService$WorkEnqueuer
androidx.core.app.NavUtils
androidx.core.app.NotificationCompat:
    public static final int DEFAULT_ALL
    public static final int DEFAULT_SOUND
    public static final int DEFAULT_VIBRATE
    public static final int DEFAULT_LIGHTS
    public static final int STREAM_DEFAULT
    public static final int FLAG_SHOW_LIGHTS
    public static final int FLAG_ONGOING_EVENT
    public static final int FLAG_INSISTENT
    public static final int FLAG_ONLY_ALERT_ONCE
    public static final int FLAG_AUTO_CANCEL
    public static final int FLAG_NO_CLEAR
    public static final int FLAG_FOREGROUND_SERVICE
    public static final int FLAG_HIGH_PRIORITY
    public static final int FLAG_LOCAL_ONLY
    public static final int FLAG_GROUP_SUMMARY
    public static final int PRIORITY_DEFAULT
    public static final int PRIORITY_LOW
    public static final int PRIORITY_MIN
    public static final int PRIORITY_HIGH
    public static final int PRIORITY_MAX
    public static final java.lang.String EXTRA_TITLE
    public static final java.lang.String EXTRA_TITLE_BIG
    public static final java.lang.String EXTRA_TEXT
    public static final java.lang.String EXTRA_SUB_TEXT
    public static final java.lang.String EXTRA_REMOTE_INPUT_HISTORY
    public static final java.lang.String EXTRA_INFO_TEXT
    public static final java.lang.String EXTRA_SUMMARY_TEXT
    public static final java.lang.String EXTRA_BIG_TEXT
    public static final java.lang.String EXTRA_SMALL_ICON
    public static final java.lang.String EXTRA_LARGE_ICON
androidx.core.app.NotificationCompat$Action:
    public static final int SEMANTIC_ACTION_NONE
    public static final int SEMANTIC_ACTION_REPLY
    public static final int SEMANTIC_ACTION_MARK_AS_READ
    public static final int SEMANTIC_ACTION_MARK_AS_UNREAD
    public static final int SEMANTIC_ACTION_DELETE
    public static final int SEMANTIC_ACTION_ARCHIVE
    public static final int SEMANTIC_ACTION_MUTE
    public static final int SEMANTIC_ACTION_UNMUTE
    public static final int SEMANTIC_ACTION_THUMBS_UP
    public static final int SEMANTIC_ACTION_THUMBS_DOWN
    public static final int SEMANTIC_ACTION_CALL
    static final java.lang.String EXTRA_SHOWS_USER_INTERFACE
    static final java.lang.String EXTRA_SEMANTIC_ACTION
androidx.core.app.NotificationCompat$Action$Builder
androidx.core.app.NotificationCompat$Action$Extender
androidx.core.app.NotificationCompat$Action$SemanticAction
androidx.core.app.NotificationCompat$Action$WearableExtender